#
# There is insufficient memory for the Java Runtime Environment to continue.
# Native memory allocation (mmap) failed to map 1048576 bytes for G1 virtual space
# Possible reasons:
#   The system is out of physical RAM or swap space
#   The process is running with CompressedOops enabled, and the Java Heap may be blocking the growth of the native heap
# Possible solutions:
#   Reduce memory load on the system
#   Increase physical memory or swap space
#   Check if swap backing store is full
#   Decrease Java heap size (-Xmx/-Xms)
#   Decrease number of Java threads
#   Decrease Java thread stack sizes (-Xss)
#   Set larger code cache with -XX:ReservedCodeCacheSize=
#   JVM is running with Unscaled Compressed Oops mode in which the Java heap is
#     placed in the first 4GB address space. The Java Heap base address is the
#     maximum limit for the native heap growth. Please use -XX:HeapBaseMinAddress
#     to set the Java Heap base and to place the Java Heap above 4GB virtual address.
# This output file may be truncated or incomplete.
#
#  Out of Memory Error (os_windows.cpp:3548), pid=14768, tid=14276
#
# JRE version: Java(TM) SE Runtime Environment (17.0.12+8) (build 17.0.12+8-LTS-286)
# Java VM: Java HotSpot(TM) 64-Bit Server VM (17.0.12+8-LTS-286, mixed mode, sharing, tiered, compressed oops, compressed class ptrs, g1 gc, windows-amd64)
# No core dump will be written. Minidumps are not enabled by default on client versions of Windows
#

---------------  S U M M A R Y ------------

Command Line: -Dcom.sun.management.jmxremote -Dcom.sun.management.jmxremote.port=63764 -Dcom.sun.management.jmxremote.authenticate=false -Dcom.sun.management.jmxremote.ssl=false -Dspring.jmx.enabled=true -Djava.rmi.server.hostname=localhost -Dspring.application.admin.enabled=true -Dspring.boot.project.name=demo -XX:+ShowCodeDetailsInExceptionMessages -Dmanagement.endpoints.jmx.exposure.include=* com.example.demo.DemoApplication

Host: AMD Ryzen 3 7320U with Radeon Graphics         , 8 cores, 3G,  Windows 11 , 64 bit Build 26100 (10.0.26100.7705)
Time: Mon Feb 16 11:32:04 2026 GMT Standard Time elapsed time: 334.214277 seconds (0d 0h 5m 34s)

---------------  T H R E A D  ---------------

Current thread (0x0000023afdd62600):  VMThread "VM Thread" [stack: 0x000000d616300000,0x000000d616400000] [id=14276]

Stack: [0x000000d616300000,0x000000d616400000]
Native frames: (J=compiled Java code, j=interpreted, Vv=VM code, C=native code)
V  [jvm.dll+0x67a04a]
V  [jvm.dll+0x7da4ed]
V  [jvm.dll+0x7dbe33]
V  [jvm.dll+0x7dc4a3]
V  [jvm.dll+0x24508f]
V  [jvm.dll+0x677089]
V  [jvm.dll+0x66bd32]
V  [jvm.dll+0x301fa6]
V  [jvm.dll+0x309546]
V  [jvm.dll+0x359d2e]
V  [jvm.dll+0x359f5f]
V  [jvm.dll+0x2d9078]
V  [jvm.dll+0x2dc0e6]
V  [jvm.dll+0x2e67eb]
V  [jvm.dll+0x31a870]
V  [jvm.dll+0x7e0d9b]
V  [jvm.dll+0x7e1ad4]
V  [jvm.dll+0x7e1fed]
V  [jvm.dll+0x7e23c4]
V  [jvm.dll+0x7e2490]
V  [jvm.dll+0x78abea]
V  [jvm.dll+0x678f35]
C  [ucrtbase.dll+0x37b0]
C  [KERNEL32.DLL+0x2e8d7]
C  [ntdll.dll+0x8c40c]

VM_Operation (0x000000d615fff6a0): G1Concurrent, mode: safepoint, requested by thread 0x0000023aef944920


---------------  P R O C E S S  ---------------

Threads class SMR info:
_java_thread_list=0x0000023ad5d2ab70, length=36, elements={
0x0000023afdd694f0, 0x0000023afdd6a0b0, 0x0000023afdd80cc0, 0x0000023afdd81680,
0x0000023afdd84050, 0x0000023afdd84a10, 0x0000023afdd857b0, 0x0000023afdd93b80,
0x0000023afdd981b0, 0x0000023afdd54ba0, 0x0000023afe043280, 0x0000023afe5c7410,
0x0000023afe5b8040, 0x0000023afe5d7310, 0x0000023afeff6cc0, 0x0000023afeff71d0,
0x0000023afeff5d90, 0x0000023afeff62a0, 0x0000023ad4660060, 0x0000023ad46614a0,
0x0000023ad4660f90, 0x0000023ad46623d0, 0x0000023ad46628e0, 0x0000023ad4660a80,
0x0000023ad4662df0, 0x0000023ad4660570, 0x0000023ad4663810, 0x0000023ad4661ec0,
0x0000023ad46619b0, 0x0000023ad5b33e10, 0x0000023ad5b33900, 0x0000023ad5b34320,
0x0000023ad5b36180, 0x0000023ad5b333f0, 0x0000023ad5b35c70, 0x0000023ad5b34830
}

Java Threads: ( => current thread )
  0x0000023afdd694f0 JavaThread "Reference Handler" daemon [_thread_blocked, id=19524, stack(0x000000d616400000,0x000000d616500000)]
  0x0000023afdd6a0b0 JavaThread "Finalizer" daemon [_thread_blocked, id=17584, stack(0x000000d616500000,0x000000d616600000)]
  0x0000023afdd80cc0 JavaThread "Signal Dispatcher" daemon [_thread_blocked, id=5244, stack(0x000000d616600000,0x000000d616700000)]
  0x0000023afdd81680 JavaThread "Attach Listener" daemon [_thread_blocked, id=20676, stack(0x000000d616700000,0x000000d616800000)]
  0x0000023afdd84050 JavaThread "Service Thread" daemon [_thread_blocked, id=21040, stack(0x000000d616800000,0x000000d616900000)]
  0x0000023afdd84a10 JavaThread "Monitor Deflation Thread" daemon [_thread_blocked, id=10668, stack(0x000000d616900000,0x000000d616a00000)]
  0x0000023afdd857b0 JavaThread "C2 CompilerThread0" daemon [_thread_blocked, id=13124, stack(0x000000d616a00000,0x000000d616b00000)]
  0x0000023afdd93b80 JavaThread "C1 CompilerThread0" daemon [_thread_blocked, id=3116, stack(0x000000d616b00000,0x000000d616c00000)]
  0x0000023afdd981b0 JavaThread "Sweeper thread" daemon [_thread_blocked, id=17996, stack(0x000000d616c00000,0x000000d616d00000)]
  0x0000023afdd54ba0 JavaThread "Common-Cleaner" daemon [_thread_blocked, id=10280, stack(0x000000d616d00000,0x000000d616e00000)]
  0x0000023afe043280 JavaThread "Notification Thread" daemon [_thread_blocked, id=15856, stack(0x000000d616e00000,0x000000d616f00000)]
  0x0000023afe5c7410 JavaThread "RMI TCP Accept-0" daemon [_thread_in_native, id=22252, stack(0x000000d616f00000,0x000000d617000000)]
  0x0000023afe5b8040 JavaThread "RMI TCP Accept-63764" daemon [_thread_in_native, id=13572, stack(0x000000d617000000,0x000000d617100000)]
  0x0000023afe5d7310 JavaThread "RMI TCP Accept-0" daemon [_thread_in_native, id=14176, stack(0x000000d617100000,0x000000d617200000)]
  0x0000023afeff6cc0 JavaThread "RMI Scheduler(0)" daemon [_thread_blocked, id=7948, stack(0x000000d617e00000,0x000000d617f00000)]
  0x0000023afeff71d0 JavaThread "RMI TCP Connection(2)-127.0.0.1" daemon [_thread_blocked, id=7064, stack(0x000000d617c00000,0x000000d617d00000)]
  0x0000023afeff5d90 JavaThread "JMX server connection timeout 28" daemon [_thread_blocked, id=14444, stack(0x000000d617f00000,0x000000d618000000)]
  0x0000023afeff62a0 JavaThread "Catalina-utility-1" [_thread_blocked, id=9128, stack(0x000000d618100000,0x000000d618200000)]
  0x0000023ad4660060 JavaThread "Catalina-utility-2" [_thread_blocked, id=12832, stack(0x000000d618200000,0x000000d618300000)]
  0x0000023ad46614a0 JavaThread "container-0" [_thread_blocked, id=5860, stack(0x000000d618300000,0x000000d618400000)]
  0x0000023ad4660f90 JavaThread "HikariPool-1:housekeeper" daemon [_thread_blocked, id=5156, stack(0x000000d618400000,0x000000d618500000)]
  0x0000023ad46623d0 JavaThread "File Watcher" daemon [_thread_blocked, id=14584, stack(0x000000d618500000,0x000000d618600000)]
  0x0000023ad46628e0 JavaThread "http-nio-8080-exec-1" daemon [_thread_blocked, id=17700, stack(0x000000d618600000,0x000000d618700000)]
  0x0000023ad4660a80 JavaThread "http-nio-8080-exec-2" daemon [_thread_blocked, id=15636, stack(0x000000d618700000,0x000000d618800000)]
  0x0000023ad4662df0 JavaThread "http-nio-8080-exec-3" daemon [_thread_blocked, id=2580, stack(0x000000d618800000,0x000000d618900000)]
  0x0000023ad4660570 JavaThread "http-nio-8080-exec-4" daemon [_thread_blocked, id=15588, stack(0x000000d618900000,0x000000d618a00000)]
  0x0000023ad4663810 JavaThread "http-nio-8080-exec-5" daemon [_thread_blocked, id=15936, stack(0x000000d618a00000,0x000000d618b00000)]
  0x0000023ad4661ec0 JavaThread "http-nio-8080-exec-6" daemon [_thread_blocked, id=21612, stack(0x000000d618b00000,0x000000d618c00000)]
  0x0000023ad46619b0 JavaThread "http-nio-8080-exec-7" daemon [_thread_blocked, id=780, stack(0x000000d618c00000,0x000000d618d00000)]
  0x0000023ad5b33e10 JavaThread "http-nio-8080-exec-8" daemon [_thread_blocked, id=18848, stack(0x000000d618d00000,0x000000d618e00000)]
  0x0000023ad5b33900 JavaThread "http-nio-8080-exec-9" daemon [_thread_blocked, id=20644, stack(0x000000d618e00000,0x000000d618f00000)]
  0x0000023ad5b34320 JavaThread "http-nio-8080-exec-10" daemon [_thread_blocked, id=16728, stack(0x000000d618f00000,0x000000d619000000)]
  0x0000023ad5b36180 JavaThread "http-nio-8080-Poller" daemon [_thread_blocked, id=20720, stack(0x000000d619000000,0x000000d619100000)]
  0x0000023ad5b333f0 JavaThread "http-nio-8080-Acceptor" daemon [_thread_in_native, id=19336, stack(0x000000d619100000,0x000000d619200000)]
  0x0000023ad5b35c70 JavaThread "DestroyJavaVM" [_thread_blocked, id=7552, stack(0x000000d615d00000,0x000000d615e00000)]
  0x0000023ad5b34830 JavaThread "RMI TCP Connection(idle)" daemon [_thread_blocked, id=13324, stack(0x000000d615c00000,0x000000d615d00000)]

Other Threads:
=>0x0000023afdd62600 VMThread "VM Thread" [stack: 0x000000d616300000,0x000000d616400000] [id=14276]
  0x0000023aef95bb00 WatcherThread [stack: 0x000000d617200000,0x000000d617300000] [id=16520]
  0x0000023aef93c9d0 GCTaskThread "GC Thread#0" [stack: 0x000000d615e00000,0x000000d615f00000] [id=14512]
  0x0000023afeaa3840 GCTaskThread "GC Thread#1" [stack: 0x000000d617300000,0x000000d617400000] [id=15032]
  0x0000023afeb35160 GCTaskThread "GC Thread#2" [stack: 0x000000d617400000,0x000000d617500000] [id=3860]
  0x0000023afef0d260 GCTaskThread "GC Thread#3" [stack: 0x000000d617500000,0x000000d617600000] [id=9916]
  0x0000023afef51090 GCTaskThread "GC Thread#4" [stack: 0x000000d617600000,0x000000d617700000] [id=16700]
  0x0000023afef51350 GCTaskThread "GC Thread#5" [stack: 0x000000d617700000,0x000000d617800000] [id=19792]
  0x0000023afef51610 GCTaskThread "GC Thread#6" [stack: 0x000000d617800000,0x000000d617900000] [id=1732]
  0x0000023afef524f0 GCTaskThread "GC Thread#7" [stack: 0x000000d617900000,0x000000d617a00000] [id=17764]
  0x0000023aef944920 ConcurrentGCThread "G1 Main Marker" [stack: 0x000000d615f00000,0x000000d616000000] [id=19708]
  0x0000023aef946000 ConcurrentGCThread "G1 Conc#0" [stack: 0x000000d616000000,0x000000d616100000] [id=21456]
  0x0000023ad42f3d10 ConcurrentGCThread "G1 Conc#1" [stack: 0x000000d618000000,0x000000d618100000] [id=2372]
  0x0000023aef99a060 ConcurrentGCThread "G1 Refine#0" [stack: 0x000000d616100000,0x000000d616200000] [id=6788]
  0x0000023aef99b940 ConcurrentGCThread "G1 Service" [stack: 0x000000d616200000,0x000000d616300000] [id=20984]

Threads with active compile tasks:

VM state: at safepoint (normal execution)

VM Mutex/Monitor currently owned by a thread:  ([mutex/lock_event])
[0x0000023aef5ac480] Threads_lock - owner thread: 0x0000023afdd62600
[0x0000023aef65a1d0] Heap_lock - owner thread: 0x0000023aef944920

Heap address: 0x00000000c8000000, size: 896 MB, Compressed Oops mode: 32-bit

CDS archive(s) mapped at: [0x0000023a8f000000-0x0000023a8fbd0000-0x0000023a8fbd0000), size 12386304, SharedBaseAddress: 0x0000023a8f000000, ArchiveRelocationMode: 1.
Compressed class space mapped at: 0x0000023a90000000-0x0000023ad0000000, reserved size: 1073741824
Narrow klass base: 0x0000023a8f000000, Narrow klass shift: 0, Narrow klass range: 0x100000000

GC Precious Log:
 CPUs: 8 total, 8 available
 Memory: 3578M
 Large Page Support: Disabled
 NUMA Support: Disabled
 Compressed Oops: Enabled (32-bit)
 Heap Region Size: 1M
 Heap Min Capacity: 8M
 Heap Initial Capacity: 56M
 Heap Max Capacity: 896M
 Pre-touch: Disabled
 Parallel Workers: 8
 Concurrent Workers: 2
 Concurrent Refinement Workers: 8
 Periodic GC: Disabled

Heap:
 garbage-first heap   total 55296K, used 31820K [0x00000000c8000000, 0x0000000100000000)
  region size 1024K, 2 young (2048K), 1 survivors (1024K)
 Metaspace       used 63177K, committed 63808K, reserved 1114112K
  class space    used 8755K, committed 9024K, reserved 1048576K

Heap Regions: E=young(eden), S=young(survivor), O=old, HS=humongous(starts), HC=humongous(continues), CS=collection set, F=free, OA=open archive, CA=closed archive, TAMS=top-at-mark-start (previous, next)
|   0|0x00000000c8000000, 0x00000000c8100000, 0x00000000c8100000|100%|HS|  |TAMS 0x00000000c8100000, 0x00000000c8000000| Complete 
|   1|0x00000000c8100000, 0x00000000c8200000, 0x00000000c8200000|100%|HS|  |TAMS 0x00000000c8200000, 0x00000000c8100000| Complete 
|   2|0x00000000c8200000, 0x00000000c8300000, 0x00000000c8300000|100%| O|  |TAMS 0x00000000c8300000, 0x00000000c8200000| Untracked 
|   3|0x00000000c8300000, 0x00000000c8400000, 0x00000000c8400000|100%| O|  |TAMS 0x00000000c8400000, 0x00000000c8300000| Untracked 
|   4|0x00000000c8400000, 0x00000000c8500000, 0x00000000c8500000|100%| O|  |TAMS 0x00000000c8500000, 0x00000000c8400000| Untracked 
|   5|0x00000000c8500000, 0x00000000c8600000, 0x00000000c8600000|100%| O|  |TAMS 0x00000000c8600000, 0x00000000c8500000| Untracked 
|   6|0x00000000c8600000, 0x00000000c8700000, 0x00000000c8700000|100%| O|  |TAMS 0x00000000c8700000, 0x00000000c8600000| Updating 
|   7|0x00000000c8700000, 0x00000000c8800000, 0x00000000c8800000|100%| O|  |TAMS 0x00000000c8800000, 0x00000000c8700000| Untracked 
|   8|0x00000000c8800000, 0x00000000c8900000, 0x00000000c8900000|100%| O|  |TAMS 0x00000000c8900000, 0x00000000c8800000| Updating 
|   9|0x00000000c8900000, 0x00000000c8900000, 0x00000000c8a00000|  0%| F|  |TAMS 0x00000000c8900000, 0x00000000c8900000| Untracked 
|  10|0x00000000c8a00000, 0x00000000c8b00000, 0x00000000c8b00000|100%| O|  |TAMS 0x00000000c8b00000, 0x00000000c8a00000| Untracked 
|  11|0x00000000c8b00000, 0x00000000c8c00000, 0x00000000c8c00000|100%| O|  |TAMS 0x00000000c8c00000, 0x00000000c8b00000| Untracked 
|  12|0x00000000c8c00000, 0x00000000c8d00000, 0x00000000c8d00000|100%| O|  |TAMS 0x00000000c8d00000, 0x00000000c8c00000| Updating 
|  13|0x00000000c8d00000, 0x00000000c8e00000, 0x00000000c8e00000|100%| O|  |TAMS 0x00000000c8e00000, 0x00000000c8d00000| Untracked 
|  14|0x00000000c8e00000, 0x00000000c8f00000, 0x00000000c8f00000|100%| O|  |TAMS 0x00000000c8f00000, 0x00000000c8e00000| Updating 
|  15|0x00000000c8f00000, 0x00000000c9000000, 0x00000000c9000000|100%| O|  |TAMS 0x00000000c9000000, 0x00000000c8f00000| Untracked 
|  16|0x00000000c9000000, 0x00000000c9100000, 0x00000000c9100000|100%| O|  |TAMS 0x00000000c9100000, 0x00000000c9000000| Updating 
|  17|0x00000000c9100000, 0x00000000c9200000, 0x00000000c9200000|100%| O|  |TAMS 0x00000000c9200000, 0x00000000c9100000| Updating 
|  18|0x00000000c9200000, 0x00000000c9300000, 0x00000000c9300000|100%| O|  |TAMS 0x00000000c9300000, 0x00000000c9200000| Updating 
|  19|0x00000000c9300000, 0x00000000c9400000, 0x00000000c9400000|100%| O|  |TAMS 0x00000000c9400000, 0x00000000c9300000| Updating 
|  20|0x00000000c9400000, 0x00000000c9500000, 0x00000000c9500000|100%| O|  |TAMS 0x00000000c9500000, 0x00000000c9400000| Updating 
|  21|0x00000000c9500000, 0x00000000c9600000, 0x00000000c9600000|100%| O|  |TAMS 0x00000000c9600000, 0x00000000c9500000| Updating 
|  22|0x00000000c9600000, 0x00000000c9700000, 0x00000000c9700000|100%| O|  |TAMS 0x00000000c9700000, 0x00000000c9600000| Untracked 
|  23|0x00000000c9700000, 0x00000000c9800000, 0x00000000c9800000|100%| O|  |TAMS 0x00000000c9800000, 0x00000000c9700000| Untracked 
|  24|0x00000000c9800000, 0x00000000c9900000, 0x00000000c9900000|100%| O|  |TAMS 0x00000000c9900000, 0x00000000c9800000| Updating 
|  25|0x00000000c9900000, 0x00000000c9a00000, 0x00000000c9a00000|100%| O|  |TAMS 0x00000000c9a00000, 0x00000000c9900000| Updating 
|  26|0x00000000c9a00000, 0x00000000c9b00000, 0x00000000c9b00000|100%| O|  |TAMS 0x00000000c9b00000, 0x00000000c9a00000| Untracked 
|  27|0x00000000c9b00000, 0x00000000c9c00000, 0x00000000c9c00000|100%| O|  |TAMS 0x00000000c9c00000, 0x00000000c9b00000| Updating 
|  28|0x00000000c9c00000, 0x00000000c9d00000, 0x00000000c9d00000|100%| O|  |TAMS 0x00000000c9d00000, 0x00000000c9c00000| Updating 
|  29|0x00000000c9d00000, 0x00000000c9e00000, 0x00000000c9e00000|100%| O|  |TAMS 0x00000000c9e00000, 0x00000000c9d00000| Updating 
|  30|0x00000000c9e00000, 0x00000000c9f00000, 0x00000000c9f00000|100%| O|  |TAMS 0x00000000c9f00000, 0x00000000c9e00000| Untracked 
|  31|0x00000000c9f00000, 0x00000000c9f6b400, 0x00000000ca000000| 41%| O|  |TAMS 0x00000000c9f6b400, 0x00000000c9f00000| Updating 
|  32|0x00000000ca000000, 0x00000000ca000000, 0x00000000ca100000|  0%| F|  |TAMS 0x00000000ca000000, 0x00000000ca000000| Untracked 
|  33|0x00000000ca100000, 0x00000000ca100000, 0x00000000ca200000|  0%| F|  |TAMS 0x00000000ca100000, 0x00000000ca100000| Untracked 
|  34|0x00000000ca200000, 0x00000000ca200000, 0x00000000ca300000|  0%| F|  |TAMS 0x00000000ca200000, 0x00000000ca200000| Untracked 
|  35|0x00000000ca300000, 0x00000000ca300000, 0x00000000ca400000|  0%| F|  |TAMS 0x00000000ca300000, 0x00000000ca300000| Untracked 
|  36|0x00000000ca400000, 0x00000000ca400000, 0x00000000ca500000|  0%| F|  |TAMS 0x00000000ca400000, 0x00000000ca400000| Untracked 
|  37|0x00000000ca500000, 0x00000000ca500000, 0x00000000ca600000|  0%| F|  |TAMS 0x00000000ca500000, 0x00000000ca500000| Untracked 
|  38|0x00000000ca600000, 0x00000000ca600000, 0x00000000ca700000|  0%| F|  |TAMS 0x00000000ca600000, 0x00000000ca600000| Untracked 
|  39|0x00000000ca700000, 0x00000000ca700000, 0x00000000ca800000|  0%| F|  |TAMS 0x00000000ca700000, 0x00000000ca700000| Untracked 
|  40|0x00000000ca800000, 0x00000000ca8a7f30, 0x00000000ca900000| 65%| S|CS|TAMS 0x00000000ca800000, 0x00000000ca800000| Complete 
|  41|0x00000000ca900000, 0x00000000ca900000, 0x00000000caa00000|  0%| F|  |TAMS 0x00000000ca900000, 0x00000000ca900000| Untracked 
|  42|0x00000000caa00000, 0x00000000caa00000, 0x00000000cab00000|  0%| F|  |TAMS 0x00000000caa00000, 0x00000000caa00000| Untracked 
|  43|0x00000000cab00000, 0x00000000cab00000, 0x00000000cac00000|  0%| F|  |TAMS 0x00000000cab00000, 0x00000000cab00000| Untracked 
|  44|0x00000000cac00000, 0x00000000cac00000, 0x00000000cad00000|  0%| F|  |TAMS 0x00000000cac00000, 0x00000000cac00000| Untracked 
|  45|0x00000000cad00000, 0x00000000cad00000, 0x00000000cae00000|  0%| F|  |TAMS 0x00000000cad00000, 0x00000000cad00000| Untracked 
|  46|0x00000000cae00000, 0x00000000cae00000, 0x00000000caf00000|  0%| F|  |TAMS 0x00000000cae00000, 0x00000000cae00000| Untracked 
|  47|0x00000000caf00000, 0x00000000caf00000, 0x00000000cb000000|  0%| F|  |TAMS 0x00000000caf00000, 0x00000000caf00000| Untracked 
|  48|0x00000000cb000000, 0x00000000cb000000, 0x00000000cb100000|  0%| F|  |TAMS 0x00000000cb000000, 0x00000000cb000000| Untracked 
|  49|0x00000000cb100000, 0x00000000cb100000, 0x00000000cb200000|  0%| F|  |TAMS 0x00000000cb100000, 0x00000000cb100000| Untracked 
|  50|0x00000000cb200000, 0x00000000cb200000, 0x00000000cb300000|  0%| F|  |TAMS 0x00000000cb200000, 0x00000000cb200000| Untracked 
|  51|0x00000000cb300000, 0x00000000cb300000, 0x00000000cb400000|  0%| F|  |TAMS 0x00000000cb300000, 0x00000000cb300000| Untracked 
|  52|0x00000000cb400000, 0x00000000cb400000, 0x00000000cb500000|  0%| F|  |TAMS 0x00000000cb400000, 0x00000000cb400000| Untracked 
|  55|0x00000000cb700000, 0x00000000cb742920, 0x00000000cb800000| 26%| E|  |TAMS 0x00000000cb700000, 0x00000000cb700000| Complete 

Card table byte_map: [0x0000023af93e0000,0x0000023af95a0000] _byte_map_base: 0x0000023af8da0000

Marking Bits (Prev, Next): (CMBitMap*) 0x0000023aef93cff0, (CMBitMap*) 0x0000023aef93d030
 Prev Bits: [0x0000023af9760000, 0x0000023afa560000)
 Next Bits: [0x0000023afa560000, 0x0000023afb360000)

Polling page: 0x0000023aef9b0000

Metaspace:

Usage:
  Non-class:     53.15 MB used.
      Class:      8.55 MB used.
       Both:     61.70 MB used.

Virtual space:
  Non-class space:       64.00 MB reserved,      53.50 MB ( 84%) committed,  1 nodes.
      Class space:        1.00 GB reserved,       8.81 MB ( <1%) committed,  1 nodes.
             Both:        1.06 GB reserved,      62.31 MB (  6%) committed. 

Chunk freelists:
   Non-Class:  10.25 MB
       Class:  7.19 MB
        Both:  17.44 MB

MaxMetaspaceSize: unlimited
CompressedClassSpaceSize: 1.00 GB
Initial GC threshold: 21.00 MB
Current GC threshold: 99.00 MB
CDS: on
MetaspaceReclaimPolicy: balanced
 - commit_granule_bytes: 65536.
 - commit_granule_words: 8192.
 - virtual_space_node_default_size: 8388608.
 - enlarge_chunks_in_place: 1.
 - new_chunks_are_fully_committed: 0.
 - uncommit_free_chunks: 1.
 - use_allocation_guard: 0.
 - handle_deallocations: 1.


Internal statistics:

num_allocs_failed_limit: 8.
num_arena_births: 880.
num_arena_deaths: 0.
num_vsnodes_births: 2.
num_vsnodes_deaths: 0.
num_space_committed: 997.
num_space_uncommitted: 0.
num_chunks_returned_to_freelist: 8.
num_chunks_taken_from_freelist: 3251.
num_chunk_merges: 8.
num_chunk_splits: 2271.
num_chunks_enlarged: 1687.
num_inconsistent_stats: 0.

CodeHeap 'non-profiled nmethods': size=120000Kb used=2658Kb max_used=2944Kb free=117341Kb
 bounds [0x0000023a87ad0000, 0x0000023a87dd0000, 0x0000023a8f000000]
CodeHeap 'profiled nmethods': size=120000Kb used=10232Kb max_used=11786Kb free=109767Kb
 bounds [0x0000023a80000000, 0x0000023a80b90000, 0x0000023a87530000]
CodeHeap 'non-nmethods': size=5760Kb used=1274Kb max_used=1332Kb free=4485Kb
 bounds [0x0000023a87530000, 0x0000023a877a0000, 0x0000023a87ad0000]
 total_blobs=5963 nmethods=5368 adapters=505
 compilation: enabled
              stopped_count=0, restarted_count=0
 full_count=0

Compilation events (20 events):
Event: 305.042 Thread 0x0000023afdd93b80 6176       3       java.lang.ClassLoader::getPlatformClassLoader (21 bytes)
Event: 305.079 Thread 0x0000023afdd93b80 nmethod 6176 0x0000023a80b09d10 code [0x0000023a80b09f40, 0x0000023a80b0a8f8]
Event: 306.089 Thread 0x0000023afdd93b80 6177       3       org.h2.message.Trace::isEnabled (33 bytes)
Event: 306.107 Thread 0x0000023afdd93b80 nmethod 6177 0x0000023a8098c090 code [0x0000023a8098c260, 0x0000023a8098c608]
Event: 306.107 Thread 0x0000023afdd93b80 6178       3       org.h2.message.TraceSystem::isEnabled (33 bytes)
Event: 306.109 Thread 0x0000023afdd93b80 nmethod 6178 0x0000023a8098b990 code [0x0000023a8098bb60, 0x0000023a8098bf08]
Event: 316.487 Thread 0x0000023afdd93b80 6179       3       java.io.ObjectInputFilter$Config$BuiltinFilterFactory::apply (13 bytes)
Event: 316.747 Thread 0x0000023afdd93b80 nmethod 6179 0x0000023a80b01790 code [0x0000023a80b01940, 0x0000023a80b01ca8]
Event: 321.800 Thread 0x0000023afdd857b0 6184       4       java.util.LinkedHashMap$LinkedKeySet::iterator (12 bytes)
Event: 321.876 Thread 0x0000023afdd857b0 nmethod 6184 0x0000023a87c24090 code [0x0000023a87c24220, 0x0000023a87c243d8]
Event: 324.516 Thread 0x0000023afdd857b0 6185       4       java.lang.reflect.Method::getParameterTypes (11 bytes)
Event: 324.528 Thread 0x0000023afdd857b0 nmethod 6185 0x0000023a87c23c90 code [0x0000023a87c23e20, 0x0000023a87c23f78]
Event: 328.306 Thread 0x0000023afdd93b80 6186       3       org.apache.catalina.webresources.Cache$$Lambda$1629/0x0000023a908cee60::applyAsLong (8 bytes)
Event: 328.312 Thread 0x0000023afdd93b80 nmethod 6186 0x0000023a80b01290 code [0x0000023a80b01440, 0x0000023a80b01678]
Event: 328.312 Thread 0x0000023afdd93b80 6187       1       org.apache.catalina.core.ContainerBase::getBackgroundProcessorDelay (5 bytes)
Event: 328.313 Thread 0x0000023afdd93b80 nmethod 6187 0x0000023a87c23990 code [0x0000023a87c23b20, 0x0000023a87c23bf8]
Event: 331.715 Thread 0x0000023afdd93b80 6188       3       java.util.AbstractList::hashCode (46 bytes)
Event: 331.723 Thread 0x0000023afdd93b80 nmethod 6188 0x0000023a8026a990 code [0x0000023a8026ab80, 0x0000023a8026b0d8]
Event: 331.736 Thread 0x0000023afdd93b80 6189       3       java.util.TreeMap::get (19 bytes)
Event: 331.740 Thread 0x0000023afdd93b80 nmethod 6189 0x0000023a8026a410 code [0x0000023a8026a5c0, 0x0000023a8026a788]

GC Heap History (20 events):
Event: 10.149 GC heap before
{Heap before GC invocations=13 (full 0):
 garbage-first heap   total 51200K, used 39729K [0x00000000c8000000, 0x0000000100000000)
  region size 1024K, 18 young (18432K), 2 survivors (2048K)
 Metaspace       used 43155K, committed 43648K, reserved 1114112K
  class space    used 5810K, committed 6080K, reserved 1048576K
}
Event: 10.153 GC heap after
{Heap after GC invocations=14 (full 0):
 garbage-first heap   total 51200K, used 24362K [0x00000000c8000000, 0x0000000100000000)
  region size 1024K, 3 young (3072K), 3 survivors (3072K)
 Metaspace       used 43155K, committed 43648K, reserved 1114112K
  class space    used 5810K, committed 6080K, reserved 1048576K
}
Event: 11.158 GC heap before
{Heap before GC invocations=14 (full 0):
 garbage-first heap   total 51200K, used 40746K [0x00000000c8000000, 0x0000000100000000)
  region size 1024K, 19 young (19456K), 3 survivors (3072K)
 Metaspace       used 46285K, committed 46784K, reserved 1114112K
  class space    used 6343K, committed 6592K, reserved 1048576K
}
Event: 11.161 GC heap after
{Heap after GC invocations=15 (full 0):
 garbage-first heap   total 51200K, used 25461K [0x00000000c8000000, 0x0000000100000000)
  region size 1024K, 3 young (3072K), 3 survivors (3072K)
 Metaspace       used 46285K, committed 46784K, reserved 1114112K
  class space    used 6343K, committed 6592K, reserved 1048576K
}
Event: 12.134 GC heap before
{Heap before GC invocations=15 (full 0):
 garbage-first heap   total 51200K, used 39797K [0x00000000c8000000, 0x0000000100000000)
  region size 1024K, 18 young (18432K), 3 survivors (3072K)
 Metaspace       used 49773K, committed 50368K, reserved 1114112K
  class space    used 6835K, committed 7104K, reserved 1048576K
}
Event: 12.137 GC heap after
{Heap after GC invocations=16 (full 0):
 garbage-first heap   total 51200K, used 26233K [0x00000000c8000000, 0x0000000100000000)
  region size 1024K, 2 young (2048K), 2 survivors (2048K)
 Metaspace       used 49773K, committed 50368K, reserved 1114112K
  class space    used 6835K, committed 7104K, reserved 1048576K
}
Event: 13.284 GC heap before
{Heap before GC invocations=17 (full 0):
 garbage-first heap   total 51200K, used 40569K [0x00000000c8000000, 0x0000000100000000)
  region size 1024K, 17 young (17408K), 2 survivors (2048K)
 Metaspace       used 54074K, committed 54656K, reserved 1114112K
  class space    used 7349K, committed 7616K, reserved 1048576K
}
Event: 13.287 GC heap after
{Heap after GC invocations=18 (full 0):
 garbage-first heap   total 51200K, used 26716K [0x00000000c8000000, 0x0000000100000000)
  region size 1024K, 2 young (2048K), 2 survivors (2048K)
 Metaspace       used 54074K, committed 54656K, reserved 1114112K
  class space    used 7349K, committed 7616K, reserved 1048576K
}
Event: 13.793 GC heap before
{Heap before GC invocations=18 (full 0):
 garbage-first heap   total 51200K, used 40028K [0x00000000c8000000, 0x0000000100000000)
  region size 1024K, 16 young (16384K), 2 survivors (2048K)
 Metaspace       used 56664K, committed 57216K, reserved 1114112K
  class space    used 7820K, committed 8064K, reserved 1048576K
}
Event: 13.796 GC heap after
{Heap after GC invocations=19 (full 0):
 garbage-first heap   total 51200K, used 27762K [0x00000000c8000000, 0x0000000100000000)
  region size 1024K, 2 young (2048K), 2 survivors (2048K)
 Metaspace       used 56664K, committed 57216K, reserved 1114112K
  class space    used 7820K, committed 8064K, reserved 1048576K
}
Event: 14.388 GC heap before
{Heap before GC invocations=20 (full 0):
 garbage-first heap   total 51200K, used 42098K [0x00000000c8000000, 0x0000000100000000)
  region size 1024K, 16 young (16384K), 2 survivors (2048K)
 Metaspace       used 58578K, committed 59072K, reserved 1114112K
  class space    used 8100K, committed 8320K, reserved 1048576K
}
Event: 14.391 GC heap after
{Heap after GC invocations=21 (full 0):
 garbage-first heap   total 51200K, used 28894K [0x00000000c8000000, 0x0000000100000000)
  region size 1024K, 2 young (2048K), 2 survivors (2048K)
 Metaspace       used 58578K, committed 59072K, reserved 1114112K
  class space    used 8100K, committed 8320K, reserved 1048576K
}
Event: 14.974 GC heap before
{Heap before GC invocations=21 (full 0):
 garbage-first heap   total 51200K, used 41182K [0x00000000c8000000, 0x0000000100000000)
  region size 1024K, 14 young (14336K), 2 survivors (2048K)
 Metaspace       used 59934K, committed 60416K, reserved 1114112K
  class space    used 8298K, committed 8512K, reserved 1048576K
}
Event: 14.977 GC heap after
{Heap after GC invocations=22 (full 0):
 garbage-first heap   total 51200K, used 30579K [0x00000000c8000000, 0x0000000100000000)
  region size 1024K, 2 young (2048K), 2 survivors (2048K)
 Metaspace       used 59934K, committed 60416K, reserved 1114112K
  class space    used 8298K, committed 8512K, reserved 1048576K
}
Event: 16.494 GC heap before
{Heap before GC invocations=23 (full 0):
 garbage-first heap   total 55296K, used 40819K [0x00000000c8000000, 0x0000000100000000)
  region size 1024K, 12 young (12288K), 2 survivors (2048K)
 Metaspace       used 61648K, committed 62208K, reserved 1114112K
  class space    used 8570K, committed 8832K, reserved 1048576K
}
Event: 16.497 GC heap after
{Heap after GC invocations=24 (full 0):
 garbage-first heap   total 55296K, used 31254K [0x00000000c8000000, 0x0000000100000000)
  region size 1024K, 1 young (1024K), 1 survivors (1024K)
 Metaspace       used 61648K, committed 62208K, reserved 1114112K
  class space    used 8570K, committed 8832K, reserved 1048576K
}
Event: 16.528 GC heap before
{Heap before GC invocations=24 (full 0):
 garbage-first heap   total 55296K, used 32278K [0x00000000c8000000, 0x0000000100000000)
  region size 1024K, 2 young (2048K), 1 survivors (1024K)
 Metaspace       used 61885K, committed 62464K, reserved 1114112K
  class space    used 8603K, committed 8896K, reserved 1048576K
}
Event: 16.531 GC heap after
{Heap after GC invocations=25 (full 0):
 garbage-first heap   total 55296K, used 31310K [0x00000000c8000000, 0x0000000100000000)
  region size 1024K, 1 young (1024K), 1 survivors (1024K)
 Metaspace       used 61885K, committed 62464K, reserved 1114112K
  class space    used 8603K, committed 8896K, reserved 1048576K
}
Event: 331.534 GC heap before
{Heap before GC invocations=25 (full 0):
 garbage-first heap   total 55296K, used 43598K [0x00000000c8000000, 0x0000000100000000)
  region size 1024K, 13 young (13312K), 1 survivors (1024K)
 Metaspace       used 63176K, committed 63808K, reserved 1114112K
  class space    used 8755K, committed 9024K, reserved 1048576K
}
Event: 331.672 GC heap after
{Heap after GC invocations=26 (full 0):
 garbage-first heap   total 55296K, used 31820K [0x00000000c8000000, 0x0000000100000000)
  region size 1024K, 1 young (1024K), 1 survivors (1024K)
 Metaspace       used 63176K, committed 63808K, reserved 1114112K
  class space    used 8755K, committed 9024K, reserved 1048576K
}

Deoptimization events (20 events):
Event: 15.363 Thread 0x0000023afef8a7c0 Uncommon trap: trap_request=0xffffff45 fr.pc=0x0000023a87bdf428 relative=0x0000000000000288
Event: 15.363 Thread 0x0000023afef8a7c0 Uncommon trap: reason=unstable_if action=reinterpret pc=0x0000023a87bdf428 method=java.util.ArrayList.indexOfRange(Ljava/lang/Object;II)I @ 7 c2
Event: 15.363 Thread 0x0000023afef8a7c0 DEOPT PACKING pc=0x0000023a87bdf428 sp=0x000000d617bfde90
Event: 15.363 Thread 0x0000023afef8a7c0 DEOPT UNPACKING pc=0x0000023a875823a3 sp=0x000000d617bfde20 mode 2
Event: 16.799 Thread 0x0000023afeff71d0 DEOPT PACKING pc=0x0000023a80517590 sp=0x000000d617cfc080
Event: 16.799 Thread 0x0000023afeff71d0 DEOPT UNPACKING pc=0x0000023a87582b43 sp=0x000000d617cfb540 mode 0
Event: 16.800 Thread 0x0000023afeff71d0 DEOPT PACKING pc=0x0000023a80517c64 sp=0x000000d617cfbff0
Event: 16.800 Thread 0x0000023afeff71d0 DEOPT UNPACKING pc=0x0000023a87582b43 sp=0x000000d617cfb4b8 mode 0
Event: 16.801 Thread 0x0000023afeff71d0 DEOPT PACKING pc=0x0000023a80517c64 sp=0x000000d617cfd1e0
Event: 16.801 Thread 0x0000023afeff71d0 DEOPT UNPACKING pc=0x0000023a87582b43 sp=0x000000d617cfc6a8 mode 0
Event: 16.803 Thread 0x0000023afeff71d0 DEOPT PACKING pc=0x0000023a80517590 sp=0x000000d617cfc6a0
Event: 16.803 Thread 0x0000023afeff71d0 DEOPT UNPACKING pc=0x0000023a87582b43 sp=0x000000d617cfbb60 mode 0
Event: 16.803 Thread 0x0000023afeff71d0 DEOPT PACKING pc=0x0000023a80517c64 sp=0x000000d617cfd1e0
Event: 16.803 Thread 0x0000023afeff71d0 DEOPT UNPACKING pc=0x0000023a87582b43 sp=0x000000d617cfc6a8 mode 0
Event: 16.978 Thread 0x0000023afeff71d0 Uncommon trap: trap_request=0xffffff45 fr.pc=0x0000023a87d2ea5c relative=0x00000000000020bc
Event: 16.978 Thread 0x0000023afeff71d0 Uncommon trap: reason=unstable_if action=reinterpret pc=0x0000023a87d2ea5c method=java.lang.ClassLoader.defineClassSourceLocation(Ljava/security/ProtectionDomain;)Ljava/lang/String; @ 15 c2
Event: 16.978 Thread 0x0000023afeff71d0 DEOPT PACKING pc=0x0000023a87d2ea5c sp=0x000000d617cfc300
Event: 16.978 Thread 0x0000023afeff71d0 DEOPT UNPACKING pc=0x0000023a875823a3 sp=0x000000d617cfc278 mode 2
Event: 17.134 Thread 0x0000023afeff71d0 DEOPT PACKING pc=0x0000023a80223ca3 sp=0x000000d617cfbe70
Event: 17.134 Thread 0x0000023afeff71d0 DEOPT UNPACKING pc=0x0000023a87582b43 sp=0x000000d617cfb2e0 mode 0

Classes unloaded (0 events):
No events

Classes redefined (0 events):
No events

Internal exceptions (20 events):
Event: 17.104 Thread 0x0000023afeff71d0 Exception <a 'java/lang/ClassNotFoundException'{0x00000000cafd25c0}: org/springframework/context/support/LiveBeansView> (0x00000000cafd25c0) 
thrown [s\open\src\hotspot\share\classfile\systemDictionary.cpp, line 256]
Event: 17.104 Thread 0x0000023afeff71d0 Exception <a 'java/lang/ClassNotFoundException'{0x00000000cafd2980}: org/springframework/boot/actuate/endpoint/jmx/EndpointMBean> (0x00000000cafd2980) 
thrown [s\open\src\hotspot\share\classfile\systemDictionary.cpp, line 256]
Event: 17.104 Thread 0x0000023afeff71d0 Exception <a 'java/lang/ClassNotFoundException'{0x00000000cafd2d40}: org/springframework/boot/actuate/endpoint/jmx/DataEndpointMBean> (0x00000000cafd2d40) 
thrown [s\open\src\hotspot\share\classfile\systemDictionary.cpp, line 256]
Event: 17.104 Thread 0x0000023afeff71d0 Exception <a 'java/lang/ClassNotFoundException'{0x00000000cafd30f8}: org/springframework/context/support/LiveBeansView> (0x00000000cafd30f8) 
thrown [s\open\src\hotspot\share\classfile\systemDictionary.cpp, line 256]
Event: 17.104 Thread 0x0000023afeff71d0 Exception <a 'java/lang/ClassNotFoundException'{0x00000000cafd34a8}: org/springframework/boot/actuate/endpoint/jmx/EndpointMBean> (0x00000000cafd34a8) 
thrown [s\open\src\hotspot\share\classfile\systemDictionary.cpp, line 256]
Event: 17.104 Thread 0x0000023afeff71d0 Exception <a 'java/lang/ClassNotFoundException'{0x00000000cafd3858}: org/springframework/boot/actuate/endpoint/jmx/DataEndpointMBean> (0x00000000cafd3858) 
thrown [s\open\src\hotspot\share\classfile\systemDictionary.cpp, line 256]
Event: 17.104 Thread 0x0000023afeff71d0 Exception <a 'java/lang/ClassNotFoundException'{0x00000000cafd3c00}: org/springframework/context/support/LiveBeansView> (0x00000000cafd3c00) 
thrown [s\open\src\hotspot\share\classfile\systemDictionary.cpp, line 256]
Event: 17.108 Thread 0x0000023afeff71d0 Exception <a 'java/lang/ClassNotFoundException'{0x00000000cae20570}: org/springframework/boot/actuate/endpoint/jmx/EndpointMBean> (0x00000000cae20570) 
thrown [s\open\src\hotspot\share\classfile\systemDictionary.cpp, line 256]
Event: 17.110 Thread 0x0000023afeff71d0 Exception <a 'java/lang/ClassNotFoundException'{0x00000000cae69690}: org/springframework/boot/actuate/endpoint/jmx/DataEndpointMBean> (0x00000000cae69690) 
thrown [s\open\src\hotspot\share\classfile\systemDictionary.cpp, line 256]
Event: 17.113 Thread 0x0000023afeff71d0 Exception <a 'java/lang/ClassNotFoundException'{0x00000000caeb29c0}: org/springframework/context/support/LiveBeansView> (0x00000000caeb29c0) 
thrown [s\open\src\hotspot\share\classfile\systemDictionary.cpp, line 256]
Event: 17.113 Thread 0x0000023afeff71d0 Exception <a 'java/lang/ClassNotFoundException'{0x00000000caeb6138}: org/springframework/boot/actuate/endpoint/jmx/EndpointMBean> (0x00000000caeb6138) 
thrown [s\open\src\hotspot\share\classfile\systemDictionary.cpp, line 256]
Event: 17.113 Thread 0x0000023afeff71d0 Exception <a 'java/lang/ClassNotFoundException'{0x00000000caeb6508}: org/springframework/boot/actuate/endpoint/jmx/DataEndpointMBean> (0x00000000caeb6508) 
thrown [s\open\src\hotspot\share\classfile\systemDictionary.cpp, line 256]
Event: 17.113 Thread 0x0000023afeff71d0 Exception <a 'java/lang/ClassNotFoundException'{0x00000000caeb68d0}: org/springframework/context/support/LiveBeansView> (0x00000000caeb68d0) 
thrown [s\open\src\hotspot\share\classfile\systemDictionary.cpp, line 256]
Event: 17.113 Thread 0x0000023afeff71d0 Exception <a 'java/lang/ClassNotFoundException'{0x00000000caeb6c88}: org/springframework/boot/actuate/endpoint/jmx/EndpointMBean> (0x00000000caeb6c88) 
thrown [s\open\src\hotspot\share\classfile\systemDictionary.cpp, line 256]
Event: 17.113 Thread 0x0000023afeff71d0 Exception <a 'java/lang/ClassNotFoundException'{0x00000000caeb7040}: org/springframework/boot/actuate/endpoint/jmx/DataEndpointMBean> (0x00000000caeb7040) 
thrown [s\open\src\hotspot\share\classfile\systemDictionary.cpp, line 256]
Event: 17.113 Thread 0x0000023afeff71d0 Exception <a 'java/lang/ClassNotFoundException'{0x00000000caeb73f0}: org/springframework/context/support/LiveBeansView> (0x00000000caeb73f0) 
thrown [s\open\src\hotspot\share\classfile\systemDictionary.cpp, line 256]
Event: 17.113 Thread 0x0000023afeff71d0 Exception <a 'java/lang/ClassNotFoundException'{0x00000000caeb77a8}: org/springframework/boot/actuate/endpoint/jmx/EndpointMBean> (0x00000000caeb77a8) 
thrown [s\open\src\hotspot\share\classfile\systemDictionary.cpp, line 256]
Event: 17.113 Thread 0x0000023afeff71d0 Exception <a 'java/lang/ClassNotFoundException'{0x00000000caeb7b60}: org/springframework/boot/actuate/endpoint/jmx/DataEndpointMBean> (0x00000000caeb7b60) 
thrown [s\open\src\hotspot\share\classfile\systemDictionary.cpp, line 256]
Event: 17.113 Thread 0x0000023afeff71d0 Exception <a 'java/lang/ClassNotFoundException'{0x00000000caeb7f10}: org/springframework/context/support/LiveBeansView> (0x00000000caeb7f10) 
thrown [s\open\src\hotspot\share\classfile\systemDictionary.cpp, line 256]
Event: 17.124 Thread 0x0000023afeff71d0 Exception <a 'java/lang/NoSuchMethodError'{0x00000000caede4d8}: 'double java.lang.invoke.DirectMethodHandle$Holder.invokeInterface(java.lang.Object, java.lang.Object)'> (0x00000000caede4d8) 
thrown [s\open\src\hotspot\share\interpreter\linkResolver.cpp, line 759]

VM Operations (20 events):
Event: 268.231 Executing VM operation: Cleanup done
Event: 281.322 Executing VM operation: Cleanup
Event: 281.323 Executing VM operation: Cleanup done
Event: 289.402 Executing VM operation: Cleanup
Event: 289.402 Executing VM operation: Cleanup done
Event: 298.489 Executing VM operation: Cleanup
Event: 298.490 Executing VM operation: Cleanup done
Event: 302.528 Executing VM operation: Cleanup
Event: 302.529 Executing VM operation: Cleanup done
Event: 304.544 Executing VM operation: Cleanup
Event: 304.552 Executing VM operation: Cleanup done
Event: 305.558 Executing VM operation: Cleanup
Event: 305.559 Executing VM operation: Cleanup done
Event: 317.668 Executing VM operation: Cleanup
Event: 317.675 Executing VM operation: Cleanup done
Event: 320.696 Executing VM operation: Cleanup
Event: 320.696 Executing VM operation: Cleanup done
Event: 331.529 Executing VM operation: G1CollectForAllocation
Event: 331.673 Executing VM operation: G1CollectForAllocation done
Event: 331.928 Executing VM operation: G1Concurrent

Events (20 events):
Event: 17.098 Thread 0x0000023afdd981b0 flushing nmethod 0x0000023a80b1b110
Event: 17.098 Thread 0x0000023afdd981b0 flushing nmethod 0x0000023a80b1b610
Event: 17.098 Thread 0x0000023afdd981b0 flushing nmethod 0x0000023a80b1bc90
Event: 17.098 Thread 0x0000023afdd981b0 flushing nmethod 0x0000023a80b1d190
Event: 17.098 Thread 0x0000023afdd981b0 flushing nmethod 0x0000023a80b1d510
Event: 17.098 Thread 0x0000023afdd981b0 flushing nmethod 0x0000023a80b1dd10
Event: 17.098 Thread 0x0000023afdd981b0 flushing nmethod 0x0000023a80b1e890
Event: 17.098 Thread 0x0000023afdd981b0 flushing nmethod 0x0000023a80b21110
Event: 17.098 Thread 0x0000023afdd981b0 flushing nmethod 0x0000023a80b23890
Event: 17.098 Thread 0x0000023afdd981b0 flushing nmethod 0x0000023a80b24890
Event: 17.098 Thread 0x0000023afdd981b0 flushing nmethod 0x0000023a80b25490
Event: 17.098 Thread 0x0000023afdd981b0 flushing nmethod 0x0000023a80b2ff90
Event: 17.098 Thread 0x0000023afdd981b0 flushing nmethod 0x0000023a80b30b90
Event: 17.098 Thread 0x0000023afdd981b0 flushing nmethod 0x0000023a80b31290
Event: 17.098 Thread 0x0000023afdd981b0 flushing nmethod 0x0000023a80b31710
Event: 17.098 Thread 0x0000023afdd981b0 flushing nmethod 0x0000023a80b31c10
Event: 17.156 Thread 0x0000023ad5b34830 Thread added: 0x0000023ad5b34830
Event: 93.981 Thread 0x0000023afeff67b0 Thread exited: 0x0000023afeff67b0
Event: 94.117 Thread 0x0000023ad5b34830 Thread exited: 0x0000023ad5b34830
Event: 304.883 Thread 0x0000023ad5b34830 Thread added: 0x0000023ad5b34830


Dynamic libraries:
0x00007ff72e570000 - 0x00007ff72e580000 	C:\Program Files\Java\jdk-17\bin\java.exe
0x00007ffd508a0000 - 0x00007ffd50b08000 	C:\WINDOWS\SYSTEM32\ntdll.dll
0x00007ffd4f7c0000 - 0x00007ffd4f889000 	C:\WINDOWS\System32\KERNEL32.DLL
0x00007ffd4e190000 - 0x00007ffd4e581000 	C:\WINDOWS\System32\KERNELBASE.dll
0x00007ffd4d180000 - 0x00007ffd4d2cb000 	C:\WINDOWS\System32\ucrtbase.dll
0x00007ffd4b170000 - 0x00007ffd4b18b000 	C:\Program Files\Java\jdk-17\bin\VCRUNTIME140.dll
0x00007ffd4b0d0000 - 0x00007ffd4b0e9000 	C:\Program Files\Java\jdk-17\bin\jli.dll
0x00007ffd4e900000 - 0x00007ffd4e9b4000 	C:\WINDOWS\System32\ADVAPI32.dll
0x00007ffd501a0000 - 0x00007ffd50249000 	C:\WINDOWS\System32\msvcrt.dll
0x00007ffd50080000 - 0x00007ffd50126000 	C:\WINDOWS\System32\sechost.dll
0x00007ffd4ff10000 - 0x00007ffd50028000 	C:\WINDOWS\System32\RPCRT4.dll
0x00007ffd4e730000 - 0x00007ffd4e8f6000 	C:\WINDOWS\System32\USER32.dll
0x00007ffd2eb40000 - 0x00007ffd2edd3000 	C:\WINDOWS\WinSxS\amd64_microsoft.windows.common-controls_6595b64144ccf1df_6.0.26100.7824_none_3e0870b2e3345462\COMCTL32.dll
0x00007ffd4db40000 - 0x00007ffd4db67000 	C:\WINDOWS\System32\win32u.dll
0x00007ffd4e700000 - 0x00007ffd4e72b000 	C:\WINDOWS\System32\GDI32.dll
0x00007ffd4dfb0000 - 0x00007ffd4e0db000 	C:\WINDOWS\System32\gdi32full.dll
0x00007ffd4e590000 - 0x00007ffd4e633000 	C:\WINDOWS\System32\msvcp_win.dll
0x00007ffd3f600000 - 0x00007ffd3f60b000 	C:\WINDOWS\SYSTEM32\VERSION.dll
0x00007ffd4e9e0000 - 0x00007ffd4ea11000 	C:\WINDOWS\System32\IMM32.DLL
0x00007ffd4b4c0000 - 0x00007ffd4b4cc000 	C:\Program Files\Java\jdk-17\bin\vcruntime140_1.dll
0x00007ffd26600000 - 0x00007ffd2668e000 	C:\Program Files\Java\jdk-17\bin\msvcp140.dll
0x00007ffcb9b40000 - 0x00007ffcba720000 	C:\Program Files\Java\jdk-17\bin\server\jvm.dll
0x00007ffd50060000 - 0x00007ffd50068000 	C:\WINDOWS\System32\PSAPI.DLL
0x00007ffd459f0000 - 0x00007ffd45a25000 	C:\WINDOWS\SYSTEM32\WINMM.dll
0x00007ffd27bf0000 - 0x00007ffd27bfa000 	C:\WINDOWS\SYSTEM32\WSOCK32.dll
0x00007ffd4ea20000 - 0x00007ffd4ea94000 	C:\WINDOWS\System32\WS2_32.dll
0x00007ffd4bf20000 - 0x00007ffd4bf3b000 	C:\WINDOWS\SYSTEM32\kernel.appcore.dll
0x00007ffd4ae90000 - 0x00007ffd4ae9a000 	C:\Program Files\Java\jdk-17\bin\jimage.dll
0x00007ffd4a5f0000 - 0x00007ffd4a832000 	C:\WINDOWS\SYSTEM32\DBGHELP.DLL
0x00007ffd50250000 - 0x00007ffd505d6000 	C:\WINDOWS\System32\combase.dll
0x00007ffd4fce0000 - 0x00007ffd4fdb7000 	C:\WINDOWS\System32\OLEAUT32.dll
0x00007ffd4b5a0000 - 0x00007ffd4b5db000 	C:\WINDOWS\SYSTEM32\dbgcore.DLL
0x00007ffd4e0e0000 - 0x00007ffd4e185000 	C:\WINDOWS\System32\bcryptPrimitives.dll
0x00007ffd21d10000 - 0x00007ffd21d35000 	C:\Program Files\Java\jdk-17\bin\java.dll
0x00007ffcbb720000 - 0x00007ffcbb7f7000 	C:\Program Files\Java\jdk-17\bin\jsvml.dll
0x00007ffd4eb50000 - 0x00007ffd4f2a2000 	C:\WINDOWS\System32\SHELL32.dll
0x00007ffd4db70000 - 0x00007ffd4dcda000 	C:\WINDOWS\System32\wintypes.dll
0x00007ffd4d2d0000 - 0x00007ffd4db33000 	C:\WINDOWS\System32\windows.storage.dll
0x00007ffd4fbe0000 - 0x00007ffd4fcd6000 	C:\WINDOWS\System32\SHCORE.dll
0x00007ffd50130000 - 0x00007ffd50197000 	C:\WINDOWS\System32\shlwapi.dll
0x00007ffd4d0a0000 - 0x00007ffd4d0c9000 	C:\WINDOWS\SYSTEM32\profapi.dll
0x00007ffcfa1c0000 - 0x00007ffcfa1d9000 	C:\Program Files\Java\jdk-17\bin\net.dll
0x00007ffd46d70000 - 0x00007ffd46e97000 	C:\WINDOWS\SYSTEM32\WINHTTP.dll
0x00007ffd4c490000 - 0x00007ffd4c4fb000 	C:\WINDOWS\system32\mswsock.dll
0x00007ffcf7770000 - 0x00007ffcf7786000 	C:\Program Files\Java\jdk-17\bin\nio.dll
0x00007ffcf68b0000 - 0x00007ffcf68c8000 	C:\Program Files\Java\jdk-17\bin\zip.dll
0x00007ffd26530000 - 0x00007ffd2653a000 	C:\Program Files\Java\jdk-17\bin\management.dll
0x00007ffd26390000 - 0x00007ffd2639b000 	C:\Program Files\Java\jdk-17\bin\management_ext.dll
0x00007ffcdb880000 - 0x00007ffcdb898000 	C:\WINDOWS\system32\napinsp.dll
0x00007ffd4b9d0000 - 0x00007ffd4bafc000 	C:\WINDOWS\SYSTEM32\DNSAPI.dll
0x00007ffd4b940000 - 0x00007ffd4b974000 	C:\WINDOWS\SYSTEM32\IPHLPAPI.DLL
0x00007ffd50070000 - 0x00007ffd5007a000 	C:\WINDOWS\System32\NSI.dll
0x00007ffcdb450000 - 0x00007ffcdb462000 	C:\WINDOWS\System32\winrnr.dll
0x00007ffcfb110000 - 0x00007ffcfb132000 	C:\WINDOWS\system32\nlansp_c.dll
0x00007ffd45470000 - 0x00007ffd45486000 	C:\WINDOWS\system32\wshbth.dll
0x00007ffd45a30000 - 0x00007ffd45a3b000 	C:\Windows\System32\rasadhlp.dll
0x00007ffd47250000 - 0x00007ffd472d6000 	C:\WINDOWS\System32\fwpuclnt.dll
0x00007ffd4c760000 - 0x00007ffd4c77b000 	C:\WINDOWS\SYSTEM32\CRYPTSP.dll
0x00007ffd4be80000 - 0x00007ffd4beb9000 	C:\WINDOWS\system32\rsaenh.dll
0x00007ffd4c540000 - 0x00007ffd4c56b000 	C:\WINDOWS\SYSTEM32\USERENV.dll
0x00007ffd4d070000 - 0x00007ffd4d09a000 	C:\WINDOWS\SYSTEM32\bcrypt.dll
0x00007ffd4c780000 - 0x00007ffd4c78c000 	C:\WINDOWS\SYSTEM32\CRYPTBASE.dll
0x00007ffd48fd0000 - 0x00007ffd48fee000 	C:\WINDOWS\SYSTEM32\dhcpcsvc6.DLL
0x00007ffd48fa0000 - 0x00007ffd48fc3000 	C:\WINDOWS\SYSTEM32\dhcpcsvc.DLL
0x00007ffd2ba30000 - 0x00007ffd2ba3e000 	C:\Program Files\Java\jdk-17\bin\sunmscapi.dll
0x00007ffd4de30000 - 0x00007ffd4dfa7000 	C:\WINDOWS\System32\CRYPT32.dll
0x00007ffd4c980000 - 0x00007ffd4c9b0000 	C:\WINDOWS\SYSTEM32\ncrypt.dll
0x00007ffd4c930000 - 0x00007ffd4c96f000 	C:\WINDOWS\SYSTEM32\NTASN1.dll
0x00007ffd47f40000 - 0x00007ffd47f48000 	C:\WINDOWS\system32\wshunix.dll

dbghelp: loaded successfully - version: 4.0.5 - missing functions: none
symbol engine: initialized successfully - sym options: 0x614 - pdb path: .;C:\Program Files\Java\jdk-17\bin;C:\WINDOWS\SYSTEM32;C:\WINDOWS\WinSxS\amd64_microsoft.windows.common-controls_6595b64144ccf1df_6.0.26100.7824_none_3e0870b2e3345462;C:\Program Files\Java\jdk-17\bin\server

VM Arguments:
jvm_args: -Dcom.sun.management.jmxremote -Dcom.sun.management.jmxremote.port=63764 -Dcom.sun.management.jmxremote.authenticate=false -Dcom.sun.management.jmxremote.ssl=false -Dspring.jmx.enabled=true -Djava.rmi.server.hostname=localhost -Dspring.application.admin.enabled=true -Dspring.boot.project.name=demo -XX:+ShowCodeDetailsInExceptionMessages -Dmanagement.endpoints.jmx.exposure.include=* 
java_command: com.example.demo.DemoApplication
java_class_path (initial): C:\Users\easad\OneDrive - Brunel University London\Year 2 CS\Group project\B6-Forest Guard\Report page\Back end\Backend Code\demo\target\classes;C:\Users\easad\.m2\repository\org\springframework\boot\spring-boot-starter-actuator\4.0.2\spring-boot-starter-actuator-4.0.2.jar;C:\Users\easad\.m2\repository\org\springframework\boot\spring-boot-starter\4.0.2\spring-boot-starter-4.0.2.jar;C:\Users\easad\.m2\repository\org\springframework\boot\spring-boot-starter-logging\4.0.2\spring-boot-starter-logging-4.0.2.jar;C:\Users\easad\.m2\repository\ch\qos\logback\logback-classic\1.5.25\logback-classic-1.5.25.jar;C:\Users\easad\.m2\repository\ch\qos\logback\logback-core\1.5.25\logback-core-1.5.25.jar;C:\Users\easad\.m2\repository\org\apache\logging\log4j\log4j-to-slf4j\2.25.3\log4j-to-slf4j-2.25.3.jar;C:\Users\easad\.m2\repository\org\apache\logging\log4j\log4j-api\2.25.3\log4j-api-2.25.3.jar;C:\Users\easad\.m2\repository\org\slf4j\jul-to-slf4j\2.0.17\jul-to-slf4j-2.0.17.jar;C:\Users\easad\.m2\repository\jakarta\annotation\jakarta.annotation-api\3.0.0\jakarta.annotation-api-3.0.0.jar;C:\Users\easad\.m2\repository\org\yaml\snakeyaml\2.5\snakeyaml-2.5.jar;C:\Users\easad\.m2\repository\org\springframework\boot\spring-boot-starter-micrometer-metrics\4.0.2\spring-boot-starter-micrometer-metrics-4.0.2.jar;C:\Users\easad\.m2\repository\org\springframework\boot\spring-boot-micrometer-metrics\4.0.2\spring-boot-micrometer-metrics-4.0.2.jar;C:\Users\easad\.m2\repository\org\springframework\boot\spring-boot-micrometer-observation\4.0.2\spring-boot-micrometer-observation-4.0.2.jar;C:\Users\easad\.m2\repository\org\springframework\boot\spring-boot-actuator-autoconfigure\4.0.2\spring-boot-actuator-autoconfigure-4.0.2.jar;C:\Users\easad\.m2\repository\org\springframework\boot\spring-boot-actuator\4.0.2\spring-boot-actuator-4.0.2.jar;C:\Users\easad\.m2\repository\org\springframework\boot\spring-boot-health\4.0.2\spring-boot-health-4.0.2.jar;C:\Users\easad\.m2\reposito
Launcher Type: SUN_STANDARD

[Global flags]
     intx CICompilerCount                          = 4                                         {product} {ergonomic}
     uint ConcGCThreads                            = 2                                         {product} {ergonomic}
     uint G1ConcRefinementThreads                  = 8                                         {product} {ergonomic}
   size_t G1HeapRegionSize                         = 1048576                                   {product} {ergonomic}
    uintx GCDrainStackTargetSize                   = 64                                        {product} {ergonomic}
   size_t InitialHeapSize                          = 58720256                                  {product} {ergonomic}
     bool ManagementServer                         = true                                      {product} {command line}
   size_t MarkStackSize                            = 4194304                                   {product} {ergonomic}
   size_t MaxHeapSize                              = 939524096                                 {product} {ergonomic}
   size_t MaxNewSize                               = 563085312                                 {product} {ergonomic}
   size_t MinHeapDeltaBytes                        = 1048576                                   {product} {ergonomic}
   size_t MinHeapSize                              = 8388608                                   {product} {ergonomic}
    uintx NonNMethodCodeHeapSize                   = 5839372                                {pd product} {ergonomic}
    uintx NonProfiledCodeHeapSize                  = 122909434                              {pd product} {ergonomic}
    uintx ProfiledCodeHeapSize                     = 122909434                              {pd product} {ergonomic}
    uintx ReservedCodeCacheSize                    = 251658240                              {pd product} {ergonomic}
     bool SegmentedCodeCache                       = true                                      {product} {ergonomic}
     bool ShowCodeDetailsInExceptionMessages       = true                                   {manageable} {command line}
   size_t SoftMaxHeapSize                          = 939524096                              {manageable} {ergonomic}
     bool UseCompressedClassPointers               = true                           {product lp64_product} {ergonomic}
     bool UseCompressedOops                        = true                           {product lp64_product} {ergonomic}
     bool UseG1GC                                  = true                                      {product} {ergonomic}
     bool UseLargePagesIndividualAllocation        = false                                  {pd product} {ergonomic}

Logging:
Log output configuration:
 #0: stdout all=warning uptime,level,tags
 #1: stderr all=off uptime,level,tags

Environment Variables:
PATH=C:\Program Files\Common Files\Oracle\Java\javapath;C:\Program Files\Python312\Scripts\;C:\Program Files\Python312\;C:\windows\system32;C:\windows;C:\windows\System32\Wbem;C:\windows\System32\WindowsPowerShell\v1.0\;C:\windows\System32\OpenSSH\;C:\Program Files\HP\HP One Agent;C:\Program Files\Java\jdk-17\bin;C:\WINDOWS\system32;C:\WINDOWS;C:\WINDOWS\System32\Wbem;C:\WINDOWS\System32\WindowsPowerShell\v1.0\;C:\WINDOWS\System32\OpenSSH\;C:\cursor\resources\app\bin;C:\Program Files\Git\cmd;c:\cursor\resources\app\codeBin;C:\Users\easad\anaconda3;C:\Users\easad\anaconda3\Library\mingw-w64\bin;C:\Users\easad\anaconda3\Library\usr\bin;C:\Users\easad\anaconda3\Library\bin;C:\Users\easad\anaconda3\Scripts;C:\Users\easad\AppData\Local\Microsoft\WindowsApps;C:\Users\easad\AppData\Local\Programs\Microsoft VS Code\bin;C:\Users\easad\AppData\Local\GitHubDesktop\bin;C:\ProgramData\easad\GitHubDesktop\bin;c:\Users\easad\.vscode\extensions\vscjava.vscode-java-debug-0.58.5\bundled\scripts\noConfigScripts
USERNAME=easad
LANG=en_US.UTF-8
OS=Windows_NT
PROCESSOR_IDENTIFIER=AMD64 Family 23 Model 160 Stepping 0, AuthenticAMD



---------------  S Y S T E M  ---------------

OS:
 Windows 11 , 64 bit Build 26100 (10.0.26100.7705)
OS uptime: 0 days 15:25 hours

CPU: total 8 (initial active 8) (8 cores per cpu, 2 threads per core) family 23 model 160 stepping 0 microcode 0x8a0000a, cx8, cmov, fxsr, ht, mmx, 3dnowpref, sse, sse2, sse3, ssse3, sse4a, sse4.1, sse4.2, popcnt, lzcnt, tsc, tscinvbit, avx, avx2, aes, clmul, bmi1, bmi2, adx, sha, fma, vzeroupper, clflush, clflushopt

Memory: 4k page, system-wide physical 3578M (338M free)
TotalPageFile size 14330M (AvailPageFile size 0M)
current process WorkingSet (physical memory assigned to process): 78M, peak: 221M
current process commit charge ("private bytes"): 251M, peak: 274M

vm_info: Java HotSpot(TM) 64-Bit Server VM (17.0.12+8-LTS-286) for windows-amd64 JRE (17.0.12+8-LTS-286), built on Jun  5 2024 06:46:59 by "mach5one" with MS VC++ 17.6 (VS2022)

END.
